<?xml version="1.0" encoding="UTF-8"?>
<!-- Generated by org.testng.reporters.JUnitXMLReporter -->
<testsuite ignored="0" hostname="Knopa" failures="0" tests="4" name="Surefire test" time="8.532" errors="0" timestamp="2025-03-18T09:30:29 EET">
  <testcase classname="com.api.tests.PetTests" name="testCreatePet" time="5.19"/>
  <testcase classname="com.api.tests.PetTests" name="testGetPet" time="1.736"/>
  <testcase classname="com.api.tests.PetTests" name="testUpdatePet" time="0.699"/>
  <testcase classname="com.api.tests.PetTests" name="testDeletePet" time="0.676"/>
</testsuite> <!-- Surefire test -->
