<?xml version="1.0" encoding="UTF-8"?>
<!-- Generated by org.testng.reporters.JUnitXMLReporter -->
<testsuite ignored="0" hostname="Knopa" failures="0" tests="4" name="Surefire test" time="9.072" errors="0" timestamp="2025-03-19T10:41:12 EET">
  <testcase classname="com.api.tests.PetTests" name="testCreatePet" time="3.413"/>
  <testcase classname="com.api.tests.PetTests" name="testGetPet" time="1.241"/>
  <testcase classname="com.api.tests.PetTests" name="testUpdatePet" time="2.986"/>
  <testcase classname="com.api.tests.PetTests" name="testDeletePet" time="1.333"/>
</testsuite> <!-- Surefire test -->
