<?xml version="1.0" encoding="UTF-8"?>
<testsuite xmlns:xsi="http://www.w3.org/2001/XMLSchema-instance" xsi:noNamespaceSchemaLocation="https://maven.apache.org/surefire/maven-surefire-plugin/xsd/surefire-test-report-3.0.xsd" version="3.0" name="com.api.tests.PetTests" time="9.794" tests="4" errors="0" skipped="0" failures="0">
  <properties>
[...]
</properties>
  <testcase name="testCreatePet" classname="com.api.tests.PetTests" time="5.316"/>
  <testcase name="testGetPet" classname="com.api.tests.PetTests" time="1.741"/>
  <testcase name="testUpdatePet" classname="com.api.tests.PetTests" time="0.704"/>
  <testcase name="testDeletePet" classname="com.api.tests.PetTests" time="0.676"/>
</testsuite>