<?xml version="1.0" encoding="UTF-8"?>
<testsuite xmlns:xsi="http://www.w3.org/2001/XMLSchema-instance" xsi:noNamespaceSchemaLocation="https://maven.apache.org/surefire/maven-surefire-plugin/xsd/surefire-test-report-3.0.xsd" version="3.0" name="com.api.tests.PetTests" time="8.23" tests="4" errors="0" skipped="0" failures="0">
  <properties>
[...]
</properties>
  <testcase name="testCreatePet" classname="com.api.tests.PetTests" time="3.883">
    <system-err><![CDATA[[main] INFO com.api.tests.PetTests - Checking if pet with ID 9999 already exists.
[main] INFO com.api.tests.PetTests - Pet with ID 9999 already exists. Deleting before test.
[main] INFO com.api.tests.PetTests - Response body after creation: {"id":9999,"category":{"id":1,"name":"Dog"},"name":"Bobby","photoUrls":["https://example.com/dog.jpg"],"tags":[],"status":"available"}
]]></system-err>
  </testcase>
  <testcase name="testGetPet" classname="com.api.tests.PetTests" time="1.839">
    <system-err><![CDATA[[main] INFO com.api.tests.PetTests - Requesting pet with ID: 9999
]]></system-err>
  </testcase>
  <testcase name="testUpdatePet" classname="com.api.tests.PetTests" time="0.672">
    <system-err><![CDATA[[main] INFO com.api.tests.PetTests - Response body after update: {"id":9999,"category":{"id":1,"name":"Dog"},"name":"BobbyUpdated","photoUrls":["https://example.com/dog-updated.jpg"],"tags":[],"status":"sold"}
]]></system-err>
  </testcase>
  <testcase name="testDeletePet" classname="com.api.tests.PetTests" time="1.331">
    <system-err><![CDATA[[main] INFO com.api.tests.PetTests - Pet with ID 9999 deleted successfully
]]></system-err>
  </testcase>
</testsuite>