<?xml version="1.0" encoding="UTF-8"?>
<testng-results ignored="0" total="4" passed="4" failed="0" skipped="0">
  <reporter-output>
  </reporter-output>
  <suite started-at="2025-03-19T10:41:03 EET" name="Surefire suite" finished-at="2025-03-19T10:41:12 EET" duration-ms="9072">
    <groups>
    </groups>
    <test started-at="2025-03-19T10:41:03 EET" name="Surefire test" finished-at="2025-03-19T10:41:12 EET" duration-ms="9072">
      <class name="com.api.tests.PetTests">
        <test-method is-config="true" signature="setup()[pri:0, instance:com.api.tests.PetTests@7db12bb6]" started-at="2025-03-19T10:41:03 EET" name="setup" finished-at="2025-03-19T10:41:03 EET" duration-ms="13" status="PASS">
          <reporter-output>
          </reporter-output>
        </test-method> <!-- setup -->
        <test-method signature="testCreatePet()[pri:0, instance:com.api.tests.PetTests@7db12bb6]" started-at="2025-03-19T10:41:03 EET" name="testCreatePet" finished-at="2025-03-19T10:41:07 EET" duration-ms="3413" status="PASS">
          <reporter-output>
          </reporter-output>
        </test-method> <!-- testCreatePet -->
        <test-method signature="testGetPet()[pri:0, instance:com.api.tests.PetTests@7db12bb6]" started-at="2025-03-19T10:41:07 EET" name="testGetPet" finished-at="2025-03-19T10:41:08 EET" depends-on-methods="com.api.tests.PetTests.testCreatePet" duration-ms="1241" status="PASS">
          <reporter-output>
          </reporter-output>
        </test-method> <!-- testGetPet -->
        <test-method signature="testUpdatePet()[pri:0, instance:com.api.tests.PetTests@7db12bb6]" started-at="2025-03-19T10:41:08 EET" name="testUpdatePet" finished-at="2025-03-19T10:41:11 EET" depends-on-methods="com.api.tests.PetTests.testGetPet" duration-ms="2986" status="PASS">
          <reporter-output>
          </reporter-output>
        </test-method> <!-- testUpdatePet -->
        <test-method signature="testDeletePet()[pri:0, instance:com.api.tests.PetTests@7db12bb6]" started-at="2025-03-19T10:41:11 EET" name="testDeletePet" finished-at="2025-03-19T10:41:12 EET" depends-on-methods="com.api.tests.PetTests.testUpdatePet" duration-ms="1333" status="PASS">
          <reporter-output>
          </reporter-output>
        </test-method> <!-- testDeletePet -->
      </class> <!-- com.api.tests.PetTests -->
    </test> <!-- Surefire test -->
  </suite> <!-- Surefire suite -->
</testng-results>
